{"/Users/msr/dev/katas-default/src/index.ts": {"path":"/Users/msr/dev/katas-default/src/index.ts","statementMap":{"0":{"start":{"line":1,"column":0},"end":{"line":1,"column":16}},"1":{"start":{"line":2,"column":2},"end":{"line":2,"column":21}},"2":{"start":{"line":3,"column":2},"end":{"line":3,"column":23}}},"fnMap":{"0":{"name":"isEven","decl":{"start":{"line":1,"column":16},"end":{"line":1,"column":22}},"loc":{"start":{"line":1,"column":34},"end":{"line":4,"column":1}}}},"branchMap":{},"s":{"0":1,"1":3,"2":3},"f":{"0":3},"b":{}}
}
